[debug] > Exec(early(addDefaultCommands), None, None)
[debug] > Exec(addDefaultCommands, None, None)
[debug] > Exec(early(initialize), None, None)
[debug] > Exec(initialize, None, None)
[debug] > Exec(boot, None, None)
[debug] > Exec(writeSbtVersion, None, None)
[info] Updated file /mnt/data/projects/npu/EasyNPU/project/build.properties: set sbt.version to 1.6.2
[debug] > Exec(reload, None, None)
[debug] > Exec(sbtStashOnFailure, None, None)
[debug] > Exec(onFailure loadFailed, None, None)
[debug] > Exec(loadp, None, None)
[info] welcome to sbt 1.6.2 (Oracle Corporation Java 1.8.0_321)
[debug] Load.defaultLoad until apply took 267.834903ms
[debug]                 Load.loadUnit: plugins took 51.679535ms
[debug]                 Load.loadUnit: defsScala took 0.248949ms
[debug] [Loading] Scanning directory /mnt/data/projects/npu/EasyNPU/project/project
[debug]                   Load.loadUnit: mkEval took 6.130837ms
[debug] [Loading] Found non-root projects 
[debug] [Loading] Done in /mnt/data/projects/npu/EasyNPU/project/project, returning: ()
[debug] deducing auto plugins based on known facts Set(Atom(sbt.plugins.CorePlugin)) and clauses Clauses(Clause(Atom(sbt.plugins.JvmPlugin),Set(Atom(sbt.plugins.IvyPlugin)))
[debug] Clause(Atom(sbt.ScriptedPlugin),Set(Atom(sbt.plugins.JvmPlugin)))
[debug] Clause(Atom(sbt.plugins.SbtPlugin),Set(Atom(sbt.ScriptedPlugin)))
[debug] Clause(Atom(sbt.plugins.SemanticdbPlugin),Set(Atom(sbt.plugins.JvmPlugin)))
[debug] Clause(Atom(sbt.plugins.JUnitXmlReportPlugin),Set(Atom(sbt.plugins.JvmPlugin)))
[debug] Clause(Atom(sbt.plugins.MiniDependencyTreePlugin),Set(Atom(sbt.plugins.JvmPlugin)))
[debug] Clause(Atom(sbt.plugins.CorePlugin),Set(Atom(sbt.plugins.IvyPlugin)))
[debug] Clause(Atom(sbt.plugins.IvyPlugin),Set(Atom(sbt.plugins.JvmPlugin)))
[debug] Clause(Atom(sbt.plugins.JvmPlugin),Set(Atom(sbt.plugins.SemanticdbPlugin)))
[debug] Clause(Atom(sbt.plugins.JvmPlugin),Set(Atom(sbt.plugins.JUnitXmlReportPlugin)))
[debug] Clause(Atom(sbt.plugins.CorePlugin),Set(Atom(sbt.plugins.Giter8TemplatePlugin)))
[debug] Clause(Atom(sbt.plugins.JvmPlugin),Set(Atom(sbt.plugins.MiniDependencyTreePlugin))))
[debug]   :: deduced result: Matched(sbt.plugins.CorePlugin,sbt.plugins.Giter8TemplatePlugin,sbt.plugins.IvyPlugin,sbt.plugins.JvmPlugin,sbt.plugins.MiniDependencyTreePlugin,sbt.plugins.JUnitXmlReportPlugin,sbt.plugins.SemanticdbPlugin)
[debug] Plugins.deducer#function took 12.899787 ms
[info] loading settings for project easynpu-build-build from metals.sbt ...
[debug]                     Load.resolveProject(easynpu-build-build) took 38.215447ms
[debug]                   Load.loadTransitive: finalizeProject(Project(id easynpu-build-build, base: /mnt/data/projects/npu/EasyNPU/project/project, plugins: List(<none>))) took 58.357973ms
[debug] [Loading] Done in /mnt/data/projects/npu/EasyNPU/project/project, returning: (easynpu-build-build)
[debug]                 Load.loadUnit: loadedProjectsRaw took 1657.029665ms
[debug]                 Load.loadUnit: cleanEvalClasses took 3.938251ms
[debug]               Load.loadUnit(file:/mnt/data/projects/npu/EasyNPU/project/project/, ...) took 1716.72248ms
[debug]             Load.apply: load took 1793.015498ms
[debug]             Load.apply: resolveProjects took 4.017083ms
[debug]             Load.apply: finalTransforms took 52.24236ms
[debug]             Load.apply: config.delegates took 5.541697ms
[debug]             Load.apply: Def.make(settings)... took 343.18057ms
[debug]             Load.apply: structureIndex took 92.313379ms
[debug]             Load.apply: mkStreams took 1.810068ms
[info] loading project definition from /mnt/data/projects/npu/EasyNPU/project/project
[debug] Running task... Cancel: Signal, check cycles: false, forcegc: true
